Xlang Compiler Alpha 0.1
Powered by xiaokang00010
Filename -> test.xlang
Reading Program to buffer.../*
This is a test file for Xlang compiler
Writed by xiaokang00010 at Febuary,12th,2021
*/
// for testing
func int main(){
	return 233;
};
int a = main();

--->regfp
--->_main_int
--->reg0
--->regsb
--->reg0
--->regfp
--->reg0
--->regsp
--->[0]
--->[reg0]
--->8
--->reg0
--->233
--->reg0
--->regsb
--->reg0
--->regfp
--->reg0
--->regsp
--->[reg0]
--->8
[32m_vmstart:[0m
save;
sub regfp,0;
call _main_int;
mov reg0,regsb;
sub reg0,regfp;
sub reg0,regsp;
mov_m [0],[reg0],8;
exit;
[32m_main_int:[0m
mov reg0,233;
push reg0,8;
mov reg0,regsb;
sub reg0,regfp;
sub reg0,regsp;
ret [reg0],8;

